                                        Craps Simulation            
                             Number of games in simulation: 1000
                        Actual             Simulated            % Difference 

Win on first roll         .223                 0.238                   6.726
Lose on first roll        .112                 0.088                  21.429
Total Win                 .497                 0.506                   1.811
Total Lose                .503                 0.494                   1.789

                                        Craps Simulation            
                             Number of games in simulation: 10000
                        Actual             Simulated            % Difference 

Win on first roll         .223                 0.221                   0.762
Lose on first roll        .112                 0.112                   0.268
Total Win                 .497                 0.496                   0.161
Total Lose                .503                 0.504                   0.159

                                        Craps Simulation            
                             Number of games in simulation: 100000
                        Actual             Simulated            % Difference 

Win on first roll         .223                 0.224                   0.471
Lose on first roll        .112                 0.111                   0.964
Total Win                 .497                 0.494                   0.573
Total Lose                .503                 0.506                   0.567

