Rose                                   7
Drextell                              10
Pearl                                 13
David                                 42
Jeanne                                43
Heber                                 55
Alan                                  68
Heidi                                 70
Michelle                              71
Scott                                 72
Kimberly                              73
Bradley                               74
Melanie                               75
Matthew                               77
Jonathan                              79
Rebecca                               83
Marcie                                99

Average:                           59.47
Standard deviation:                26.42
Median:                            71.00
High Score:                           99
Low Score:                             7
Range:                                92
