Rose                                   7
Drextell                              10
Pearl                                 13
David                                 42
Jeanne                                43
Heber                                 55
Roger                                 66
Alan                                  68
Heidi                                 70
Michelle                              71
Kimberly                              73
Melanie                               75
Scott                                 76
Matthew                               77
Bradley                               77
Jonathan                              79
Rebecca                               83
Marcie                                99

Average:                           60.22
Standard deviation:                25.94
Median:                            35.50
High Score:                           99
Low Score:                             7
Range:                                92
